Traceback (most recent call last):
  File "C:\Users\ASUS\AppData\Local\Programs\Python\Python38\lib\site-packages\jupyter_cache\executors\utils.py", line 51, in single_nb_execution
    executenb(
  File "C:\Users\ASUS\AppData\Local\Programs\Python\Python38\lib\site-packages\nbclient\client.py", line 1204, in execute
    return NotebookClient(nb=nb, resources=resources, km=km, **kwargs).execute()
  File "C:\Users\ASUS\AppData\Local\Programs\Python\Python38\lib\site-packages\nbclient\util.py", line 84, in wrapped
    return just_run(coro(*args, **kwargs))
  File "C:\Users\ASUS\AppData\Local\Programs\Python\Python38\lib\site-packages\nbclient\util.py", line 62, in just_run
    return loop.run_until_complete(coro)
  File "C:\Users\ASUS\AppData\Local\Programs\Python\Python38\lib\asyncio\base_events.py", line 616, in run_until_complete
    return future.result()
  File "C:\Users\ASUS\AppData\Local\Programs\Python\Python38\lib\site-packages\nbclient\client.py", line 663, in async_execute
    await self.async_execute_cell(
  File "C:\Users\ASUS\AppData\Local\Programs\Python\Python38\lib\site-packages\nbclient\client.py", line 965, in async_execute_cell
    await self._check_raise_for_error(cell, cell_index, exec_reply)
  File "C:\Users\ASUS\AppData\Local\Programs\Python\Python38\lib\site-packages\nbclient\client.py", line 862, in _check_raise_for_error
    raise CellExecutionError.from_cell_and_msg(cell, exec_reply_content)
nbclient.exceptions.CellExecutionError: An error occurred while executing the following cell:
------------------
dd=dict(zip(vect.get_feature_names(), idf))
l=sorted(dd, key=(dd).get)
# print(l)
print(l[0],l[-1])
print(dd['adil'])
print(dd['alat'])  # police is most common and forecast is least common among the news headlines.
------------------

[1;31m---------------------------------------------------------------------------[0m
[1;31mKeyError[0m                                  Traceback (most recent call last)
Input [1;32mIn [30][0m, in [0;36m<cell line: 6>[1;34m()[0m
[0;32m      4[0m [38;5;28mprint[39m(l[[38;5;241m0[39m],l[[38;5;241m-[39m[38;5;241m1[39m])
[0;32m      5[0m [38;5;28mprint[39m(dd[[38;5;124m'[39m[38;5;124madil[39m[38;5;124m'[39m])
[1;32m----> 6[0m [38;5;28mprint[39m([43mdd[49m[43m[[49m[38;5;124;43m'[39;49m[38;5;124;43malat[39;49m[38;5;124;43m'[39;49m[43m][49m)

[1;31mKeyError[0m: 'alat'
KeyError: 'alat'

